2026-02-05 23:13:44,461 - GraphExporter - INFO - 覆盖模式：创建新图。
2026-02-05 23:13:44,462 - GraphExporter - INFO - 开始导出图数据...
2026-02-05 23:13:44,464 - GraphExporter - INFO - 正在处理表: users, 起始偏移量 0
2026-02-05 23:13:44,584 - GraphExporter - INFO - 正在处理表: orders, 起始偏移量 0
2026-02-05 23:13:45,664 - GraphExporter - INFO - 正在写入最终输出文件...
2026-02-05 23:13:45,671 - GraphExporter - INFO - GraphML 已写入 test_export_output\graph_chunk_entity_relation.graphml
2026-02-05 23:13:45,672 - GraphExporter - INFO - 已导出 6 个项目到 test_export_output\entities.json
2026-02-05 23:13:45,673 - GraphExporter - INFO - 已导出 2 个项目到 test_export_output\relationships.json
2026-02-05 23:13:45,673 - GraphExporter - INFO - 导出完成，耗时 1.21 秒。本次会话处理记录数: 4
2026-02-05 23:13:45,673 - GraphExporter - INFO - 当前图总规模: 6 节点, 2 边
2026-02-05 23:14:45,424 - GraphExporter - INFO - 覆盖模式：创建新图。
2026-02-05 23:14:45,424 - GraphExporter - INFO - 开始导出图数据...
2026-02-05 23:14:45,426 - GraphExporter - INFO - 正在处理表: users, 起始偏移量 0
2026-02-05 23:14:45,543 - GraphExporter - INFO - 正在处理表: orders, 起始偏移量 0
2026-02-05 23:14:46,615 - GraphExporter - INFO - 正在写入最终输出文件...
2026-02-05 23:14:46,622 - GraphExporter - INFO - GraphML 已写入 test_export_output_4833a52f-fbfe-4a69-8f68-0f7f564c1876\graph_chunk_entity_relation.graphml
2026-02-05 23:14:46,623 - GraphExporter - INFO - 已导出 6 个项目到 test_export_output_4833a52f-fbfe-4a69-8f68-0f7f564c1876\entities.json
2026-02-05 23:14:46,624 - GraphExporter - INFO - 已导出 2 个项目到 test_export_output_4833a52f-fbfe-4a69-8f68-0f7f564c1876\relationships.json
2026-02-05 23:14:46,624 - GraphExporter - INFO - 导出完成，耗时 1.20 秒。本次会话处理记录数: 4
2026-02-05 23:14:46,625 - GraphExporter - INFO - 当前图总规模: 6 节点, 2 边
2026-02-05 23:14:47,005 - GraphExporter - INFO - 覆盖模式：创建新图。
2026-02-05 23:14:47,006 - GraphExporter - INFO - 开始导出图数据...
2026-02-05 23:14:47,006 - GraphExporter - INFO - 正在处理表: users, 起始偏移量 0
2026-02-05 23:14:47,118 - GraphExporter - INFO - 正在处理表: orders, 起始偏移量 0
2026-02-05 23:14:48,229 - GraphExporter - INFO - 正在写入最终输出文件...
2026-02-05 23:14:48,230 - GraphExporter - INFO - GraphML 已写入 test_export_output_1d2a1c38-bbe5-4e98-9bfd-50fd81e1771e\graph_chunk_entity_relation.graphml
2026-02-05 23:14:48,231 - GraphExporter - INFO - 已导出 6 个项目到 test_export_output_1d2a1c38-bbe5-4e98-9bfd-50fd81e1771e\entities.json
2026-02-05 23:14:48,232 - GraphExporter - INFO - 已导出 2 个项目到 test_export_output_1d2a1c38-bbe5-4e98-9bfd-50fd81e1771e\relationships.json
2026-02-05 23:14:48,232 - GraphExporter - INFO - 导出完成，耗时 1.23 秒。本次会话处理记录数: 4
2026-02-05 23:14:48,232 - GraphExporter - INFO - 当前图总规模: 6 节点, 2 边
2026-02-05 23:14:48,269 - GraphExporter - INFO - 正在加载现有图文件进行合并: test_export_output_1d2a1c38-bbe5-4e98-9bfd-50fd81e1771e\graph_chunk_entity_relation.graphml
2026-02-05 23:14:48,271 - GraphExporter - INFO - 成功加载现有图: 6 节点, 2 边
2026-02-05 23:14:48,271 - GraphExporter - INFO - 开始导出图数据...
2026-02-05 23:14:48,272 - GraphExporter - INFO - 正在处理表: users, 起始偏移量 0
2026-02-05 23:14:48,419 - GraphExporter - INFO - 正在处理表: orders, 起始偏移量 0
2026-02-05 23:14:49,532 - GraphExporter - INFO - 正在写入最终输出文件...
2026-02-05 23:14:49,534 - GraphExporter - INFO - GraphML 已写入 test_export_output_1d2a1c38-bbe5-4e98-9bfd-50fd81e1771e\graph_chunk_entity_relation.graphml
2026-02-05 23:14:49,535 - GraphExporter - INFO - 已导出 6 个项目到 test_export_output_1d2a1c38-bbe5-4e98-9bfd-50fd81e1771e\entities.json
2026-02-05 23:14:49,537 - GraphExporter - INFO - 已导出 2 个项目到 test_export_output_1d2a1c38-bbe5-4e98-9bfd-50fd81e1771e\relationships.json
2026-02-05 23:14:49,537 - GraphExporter - INFO - 导出完成，耗时 1.27 秒。本次会话处理记录数: 4
2026-02-05 23:14:49,538 - GraphExporter - INFO - 当前图总规模: 6 节点, 2 边
2026-02-05 23:15:22,540 - GraphExporter - INFO - 覆盖模式：创建新图。
2026-02-05 23:15:22,541 - GraphExporter - INFO - 开始导出图数据...
2026-02-05 23:15:22,542 - GraphExporter - INFO - 正在处理表: users, 起始偏移量 0
2026-02-05 23:15:22,677 - GraphExporter - INFO - 正在处理表: orders, 起始偏移量 0
2026-02-05 23:15:23,833 - GraphExporter - INFO - 正在写入最终输出文件...
2026-02-05 23:15:23,841 - GraphExporter - INFO - GraphML 已写入 test_export_output_a796b88f-ec4c-4a0f-8140-c71aa04ce965\graph_chunk_entity_relation.graphml
2026-02-05 23:15:23,842 - GraphExporter - INFO - 已导出 4 个项目到 test_export_output_a796b88f-ec4c-4a0f-8140-c71aa04ce965\entities.json
2026-02-05 23:15:23,842 - GraphExporter - INFO - 已导出 2 个项目到 test_export_output_a796b88f-ec4c-4a0f-8140-c71aa04ce965\relationships.json
2026-02-05 23:15:23,843 - GraphExporter - INFO - 导出完成，耗时 1.30 秒。本次会话处理记录数: 4
2026-02-05 23:15:23,843 - GraphExporter - INFO - 当前图总规模: 4 节点, 2 边
2026-02-05 23:15:23,898 - GraphExporter - INFO - 正在加载现有图文件进行合并: test_export_output_a796b88f-ec4c-4a0f-8140-c71aa04ce965\graph_chunk_entity_relation.graphml
2026-02-05 23:15:23,899 - GraphExporter - INFO - 成功加载现有图: 4 节点, 2 边
2026-02-05 23:15:23,899 - GraphExporter - INFO - 开始导出图数据...
2026-02-05 23:15:23,900 - GraphExporter - INFO - 正在处理表: users, 起始偏移量 0
2026-02-05 23:15:24,044 - GraphExporter - INFO - 正在处理表: orders, 起始偏移量 0
2026-02-05 23:15:25,243 - GraphExporter - INFO - 正在写入最终输出文件...
2026-02-05 23:15:25,244 - GraphExporter - INFO - GraphML 已写入 test_export_output_a796b88f-ec4c-4a0f-8140-c71aa04ce965\graph_chunk_entity_relation.graphml
2026-02-05 23:15:25,251 - GraphExporter - INFO - 已导出 6 个项目到 test_export_output_a796b88f-ec4c-4a0f-8140-c71aa04ce965\entities.json
2026-02-05 23:15:25,260 - GraphExporter - INFO - 已导出 3 个项目到 test_export_output_a796b88f-ec4c-4a0f-8140-c71aa04ce965\relationships.json
2026-02-05 23:15:25,260 - GraphExporter - INFO - 导出完成，耗时 1.36 秒。本次会话处理记录数: 6
2026-02-05 23:15:25,260 - GraphExporter - INFO - 当前图总规模: 6 节点, 3 边
2026-02-05 23:15:25,271 - GraphExporter - INFO - 开始导出图数据...
2026-02-05 23:15:25,272 - GraphExporter - INFO - 正在处理表: users, 起始偏移量 0
2026-02-05 23:15:25,430 - GraphExporter - INFO - 正在处理表: orders, 起始偏移量 0
2026-02-05 23:15:26,660 - GraphExporter - INFO - 正在写入最终输出文件...
2026-02-05 23:15:26,661 - GraphExporter - INFO - GraphML 已写入 test_export_output_a796b88f-ec4c-4a0f-8140-c71aa04ce965\graph_chunk_entity_relation.graphml
2026-02-05 23:15:26,671 - GraphExporter - INFO - 已导出 6 个项目到 test_export_output_a796b88f-ec4c-4a0f-8140-c71aa04ce965\entities.json
2026-02-05 23:15:26,679 - GraphExporter - INFO - 已导出 3 个项目到 test_export_output_a796b88f-ec4c-4a0f-8140-c71aa04ce965\relationships.json
2026-02-05 23:15:26,679 - GraphExporter - INFO - 导出完成，耗时 1.41 秒。本次会话处理记录数: 12
2026-02-05 23:15:26,680 - GraphExporter - INFO - 当前图总规模: 6 节点, 3 边
2026-02-05 23:15:27,063 - GraphExporter - INFO - 覆盖模式：创建新图。
2026-02-05 23:15:27,063 - GraphExporter - INFO - 开始导出图数据...
2026-02-05 23:15:27,064 - GraphExporter - INFO - 正在处理表: users, 起始偏移量 0
2026-02-05 23:15:27,193 - GraphExporter - INFO - 正在处理表: orders, 起始偏移量 0
2026-02-05 23:15:28,408 - GraphExporter - INFO - 正在写入最终输出文件...
2026-02-05 23:15:28,423 - GraphExporter - INFO - GraphML 已写入 test_export_output_8811052e-32dc-4420-8611-cb1f5d03f378\graph_chunk_entity_relation.graphml
2026-02-05 23:15:28,424 - GraphExporter - INFO - 已导出 4 个项目到 test_export_output_8811052e-32dc-4420-8611-cb1f5d03f378\entities.json
2026-02-05 23:15:28,425 - GraphExporter - INFO - 已导出 2 个项目到 test_export_output_8811052e-32dc-4420-8611-cb1f5d03f378\relationships.json
2026-02-05 23:15:28,425 - GraphExporter - INFO - 导出完成，耗时 1.36 秒。本次会话处理记录数: 4
2026-02-05 23:15:28,425 - GraphExporter - INFO - 当前图总规模: 4 节点, 2 边
2026-02-05 23:15:28,461 - GraphExporter - INFO - 正在加载现有图文件进行合并: test_export_output_8811052e-32dc-4420-8611-cb1f5d03f378\graph_chunk_entity_relation.graphml
2026-02-05 23:15:28,463 - GraphExporter - INFO - 成功加载现有图: 4 节点, 2 边
2026-02-05 23:15:28,463 - GraphExporter - INFO - 开始导出图数据...
2026-02-05 23:15:28,464 - GraphExporter - INFO - 正在处理表: users, 起始偏移量 0
2026-02-05 23:15:28,604 - GraphExporter - INFO - 正在处理表: orders, 起始偏移量 0
2026-02-05 23:15:29,749 - GraphExporter - INFO - 正在写入最终输出文件...
2026-02-05 23:15:29,750 - GraphExporter - INFO - GraphML 已写入 test_export_output_8811052e-32dc-4420-8611-cb1f5d03f378\graph_chunk_entity_relation.graphml
2026-02-05 23:15:29,751 - GraphExporter - INFO - 已导出 4 个项目到 test_export_output_8811052e-32dc-4420-8611-cb1f5d03f378\entities.json
2026-02-05 23:15:29,753 - GraphExporter - INFO - 已导出 2 个项目到 test_export_output_8811052e-32dc-4420-8611-cb1f5d03f378\relationships.json
2026-02-05 23:15:29,753 - GraphExporter - INFO - 导出完成，耗时 1.29 秒。本次会话处理记录数: 4
2026-02-05 23:15:29,753 - GraphExporter - INFO - 当前图总规模: 4 节点, 2 边
