{"__type":"$$EventMessageAudit","id":"5d6d40f7-857f-4ab6-8234-ac5024dc8331","ts":"2026-01-10T19:47:11.680+08:00","eventName":"n8n.audit.workflow.created","message":"n8n.audit.workflow.created","payload":{"userId":"3c4a9d06-ae77-4f32-93ac-d7a58672bc69","_email":"staffer_xucao@126.com","_firstName":"xu","_lastName":"cao","globalRole":"global:owner","workflowId":"v1ekfr-AV-rzKZ27v-B2T","workflowName":"My workflow"}}
{"__type":"$$EventMessageConfirm","confirm":"5d6d40f7-857f-4ab6-8234-ac5024dc8331","ts":"2026-01-10T19:47:11.680+08:00","source":{"id":"0","name":"eventBus"}}
{"__type":"$$EventMessageWorkflow","id":"7fc67bd2-56a4-412a-8f89-b47b536437e9","ts":"2026-01-10T19:47:11.734+08:00","eventName":"n8n.workflow.started","message":"n8n.workflow.started","payload":{"executionId":"1","workflowId":"v1ekfr-AV-rzKZ27v-B2T","isManual":false,"workflowName":"My workflow"}}
{"__type":"$$EventMessageConfirm","confirm":"7fc67bd2-56a4-412a-8f89-b47b536437e9","ts":"2026-01-10T19:47:11.734+08:00","source":{"id":"0","name":"eventBus"}}
{"__type":"$$EventMessageNode","id":"71c3b5c0-ef75-41c4-a138-269f40682bcc","ts":"2026-01-10T19:47:11.735+08:00","eventName":"n8n.node.started","message":"n8n.node.started","payload":{"workflowId":"v1ekfr-AV-rzKZ27v-B2T","workflowName":"My workflow","executionId":"1","nodeType":"n8n-nodes-base.manualTrigger","nodeName":"When clicking ‘Execute workflow’","nodeId":"95e5e00d-42aa-4ce7-87cb-fae3104c7eb3"}}
{"__type":"$$EventMessageConfirm","confirm":"71c3b5c0-ef75-41c4-a138-269f40682bcc","ts":"2026-01-10T19:47:11.735+08:00","source":{"id":"0","name":"eventBus"}}
{"__type":"$$EventMessageNode","id":"6b62b05d-ab3d-4167-8944-160ab0ef1cf1","ts":"2026-01-10T19:47:11.738+08:00","eventName":"n8n.node.finished","message":"n8n.node.finished","payload":{"workflowId":"v1ekfr-AV-rzKZ27v-B2T","workflowName":"My workflow","executionId":"1","nodeType":"n8n-nodes-base.manualTrigger","nodeName":"When clicking ‘Execute workflow’","nodeId":"95e5e00d-42aa-4ce7-87cb-fae3104c7eb3"}}
{"__type":"$$EventMessageConfirm","confirm":"6b62b05d-ab3d-4167-8944-160ab0ef1cf1","ts":"2026-01-10T19:47:11.738+08:00","source":{"id":"0","name":"eventBus"}}
{"__type":"$$EventMessageNode","id":"21b9e14e-5ebe-4fc4-98d1-946eb8314fdd","ts":"2026-01-10T19:47:11.739+08:00","eventName":"n8n.node.started","message":"n8n.node.started","payload":{"workflowId":"v1ekfr-AV-rzKZ27v-B2T","workflowName":"My workflow","executionId":"1","nodeType":"n8n-nodes-base.code","nodeName":"Code in JavaScript","nodeId":"9893ade9-53ed-4965-9409-942a8cd4a3a1"}}
{"__type":"$$EventMessageConfirm","confirm":"21b9e14e-5ebe-4fc4-98d1-946eb8314fdd","ts":"2026-01-10T19:47:11.739+08:00","source":{"id":"0","name":"eventBus"}}
{"__type":"$$EventMessageRunner","id":"b96224b0-58d6-4201-aeeb-42c8a2790f34","ts":"2026-01-10T19:47:11.743+08:00","eventName":"n8n.runner.task.requested","message":"n8n.runner.task.requested","payload":{"taskId":"6X34mTFj","nodeId":"9893ade9-53ed-4965-9409-942a8cd4a3a1","workflowId":"v1ekfr-AV-rzKZ27v-B2T","executionId":"1"}}
{"__type":"$$EventMessageConfirm","confirm":"b96224b0-58d6-4201-aeeb-42c8a2790f34","ts":"2026-01-10T19:47:11.743+08:00","source":{"id":"0","name":"eventBus"}}
{"__type":"$$EventMessageRunner","id":"037c5c64-18af-4193-8662-5aaef584ddc6","ts":"2026-01-10T19:47:11.793+08:00","eventName":"n8n.runner.response.received","message":"n8n.runner.response.received","payload":{"taskId":"6X34mTFj","nodeId":"9893ade9-53ed-4965-9409-942a8cd4a3a1","workflowId":"v1ekfr-AV-rzKZ27v-B2T","executionId":"1"}}
{"__type":"$$EventMessageConfirm","confirm":"037c5c64-18af-4193-8662-5aaef584ddc6","ts":"2026-01-10T19:47:11.793+08:00","source":{"id":"0","name":"eventBus"}}
{"__type":"$$EventMessageNode","id":"05f1cf7b-7c44-440c-867d-a587af268b72","ts":"2026-01-10T19:47:11.793+08:00","eventName":"n8n.node.finished","message":"n8n.node.finished","payload":{"workflowId":"v1ekfr-AV-rzKZ27v-B2T","workflowName":"My workflow","executionId":"1","nodeType":"n8n-nodes-base.code","nodeName":"Code in JavaScript","nodeId":"9893ade9-53ed-4965-9409-942a8cd4a3a1"}}
{"__type":"$$EventMessageConfirm","confirm":"05f1cf7b-7c44-440c-867d-a587af268b72","ts":"2026-01-10T19:47:11.793+08:00","source":{"id":"0","name":"eventBus"}}
{"__type":"$$EventMessageWorkflow","id":"fae87176-f510-437e-a0f0-d6c7b1d93e5f","ts":"2026-01-10T19:47:11.796+08:00","eventName":"n8n.workflow.success","message":"n8n.workflow.success","payload":{"userId":"3c4a9d06-ae77-4f32-93ac-d7a58672bc69","executionId":"1","success":true,"isManual":true,"workflowId":"v1ekfr-AV-rzKZ27v-B2T","workflowName":"My workflow"}}
{"__type":"$$EventMessageConfirm","confirm":"fae87176-f510-437e-a0f0-d6c7b1d93e5f","ts":"2026-01-10T19:47:11.796+08:00","source":{"id":"0","name":"eventBus"}}
{"__type":"$$EventMessageWorkflow","id":"6ac5b91f-04fc-4ea5-8a16-f212dc7b3979","ts":"2026-01-10T19:47:32.864+08:00","eventName":"n8n.workflow.started","message":"n8n.workflow.started","payload":{"executionId":"2","workflowId":"v1ekfr-AV-rzKZ27v-B2T","isManual":false,"workflowName":"My workflow"}}
{"__type":"$$EventMessageConfirm","confirm":"6ac5b91f-04fc-4ea5-8a16-f212dc7b3979","ts":"2026-01-10T19:47:32.864+08:00","source":{"id":"0","name":"eventBus"}}
{"__type":"$$EventMessageNode","id":"d921e7d5-c31f-4bb9-9472-c2d1ae7fd241","ts":"2026-01-10T19:47:32.864+08:00","eventName":"n8n.node.started","message":"n8n.node.started","payload":{"workflowId":"v1ekfr-AV-rzKZ27v-B2T","workflowName":"My workflow","executionId":"2","nodeType":"n8n-nodes-base.manualTrigger","nodeName":"When clicking ‘Execute workflow’","nodeId":"95e5e00d-42aa-4ce7-87cb-fae3104c7eb3"}}
{"__type":"$$EventMessageConfirm","confirm":"d921e7d5-c31f-4bb9-9472-c2d1ae7fd241","ts":"2026-01-10T19:47:32.864+08:00","source":{"id":"0","name":"eventBus"}}
{"__type":"$$EventMessageNode","id":"3fbced63-1512-49d9-8658-1e1e5d6a371f","ts":"2026-01-10T19:47:32.865+08:00","eventName":"n8n.node.finished","message":"n8n.node.finished","payload":{"workflowId":"v1ekfr-AV-rzKZ27v-B2T","workflowName":"My workflow","executionId":"2","nodeType":"n8n-nodes-base.manualTrigger","nodeName":"When clicking ‘Execute workflow’","nodeId":"95e5e00d-42aa-4ce7-87cb-fae3104c7eb3"}}
{"__type":"$$EventMessageConfirm","confirm":"3fbced63-1512-49d9-8658-1e1e5d6a371f","ts":"2026-01-10T19:47:32.865+08:00","source":{"id":"0","name":"eventBus"}}
{"__type":"$$EventMessageNode","id":"f8e83654-9259-4a2a-901a-8d185eb9a5be","ts":"2026-01-10T19:47:32.865+08:00","eventName":"n8n.node.started","message":"n8n.node.started","payload":{"workflowId":"v1ekfr-AV-rzKZ27v-B2T","workflowName":"My workflow","executionId":"2","nodeType":"n8n-nodes-base.code","nodeName":"Code in JavaScript","nodeId":"9893ade9-53ed-4965-9409-942a8cd4a3a1"}}
{"__type":"$$EventMessageConfirm","confirm":"f8e83654-9259-4a2a-901a-8d185eb9a5be","ts":"2026-01-10T19:47:32.865+08:00","source":{"id":"0","name":"eventBus"}}
{"__type":"$$EventMessageRunner","id":"b2e35ad4-259d-4654-a4c4-bf79c6293fc1","ts":"2026-01-10T19:47:32.866+08:00","eventName":"n8n.runner.task.requested","message":"n8n.runner.task.requested","payload":{"taskId":"iTs3dNKs","nodeId":"9893ade9-53ed-4965-9409-942a8cd4a3a1","workflowId":"v1ekfr-AV-rzKZ27v-B2T","executionId":"2"}}
{"__type":"$$EventMessageConfirm","confirm":"b2e35ad4-259d-4654-a4c4-bf79c6293fc1","ts":"2026-01-10T19:47:32.866+08:00","source":{"id":"0","name":"eventBus"}}
{"__type":"$$EventMessageRunner","id":"eab62de1-8536-45f6-95f6-fe3910c2a0ea","ts":"2026-01-10T19:47:32.870+08:00","eventName":"n8n.runner.response.received","message":"n8n.runner.response.received","payload":{"taskId":"iTs3dNKs","nodeId":"9893ade9-53ed-4965-9409-942a8cd4a3a1","workflowId":"v1ekfr-AV-rzKZ27v-B2T","executionId":"2"}}
{"__type":"$$EventMessageConfirm","confirm":"eab62de1-8536-45f6-95f6-fe3910c2a0ea","ts":"2026-01-10T19:47:32.870+08:00","source":{"id":"0","name":"eventBus"}}
{"__type":"$$EventMessageNode","id":"a02e83d3-8d75-4880-9f50-a135a1afa181","ts":"2026-01-10T19:47:32.870+08:00","eventName":"n8n.node.finished","message":"n8n.node.finished","payload":{"workflowId":"v1ekfr-AV-rzKZ27v-B2T","workflowName":"My workflow","executionId":"2","nodeType":"n8n-nodes-base.code","nodeName":"Code in JavaScript","nodeId":"9893ade9-53ed-4965-9409-942a8cd4a3a1"}}
{"__type":"$$EventMessageConfirm","confirm":"a02e83d3-8d75-4880-9f50-a135a1afa181","ts":"2026-01-10T19:47:32.870+08:00","source":{"id":"0","name":"eventBus"}}
{"__type":"$$EventMessageWorkflow","id":"ec156fd9-6282-4fe4-b31a-2b88325eea3b","ts":"2026-01-10T19:47:32.871+08:00","eventName":"n8n.workflow.success","message":"n8n.workflow.success","payload":{"userId":"3c4a9d06-ae77-4f32-93ac-d7a58672bc69","executionId":"2","success":true,"isManual":true,"workflowId":"v1ekfr-AV-rzKZ27v-B2T","workflowName":"My workflow"}}
{"__type":"$$EventMessageConfirm","confirm":"ec156fd9-6282-4fe4-b31a-2b88325eea3b","ts":"2026-01-10T19:47:32.871+08:00","source":{"id":"0","name":"eventBus"}}
{"__type":"$$EventMessageWorkflow","id":"815d06f1-f401-45b2-af26-8985d538020f","ts":"2026-01-10T19:47:45.153+08:00","eventName":"n8n.workflow.started","message":"n8n.workflow.started","payload":{"executionId":"3","workflowId":"v1ekfr-AV-rzKZ27v-B2T","isManual":false,"workflowName":"My workflow"}}
{"__type":"$$EventMessageConfirm","confirm":"815d06f1-f401-45b2-af26-8985d538020f","ts":"2026-01-10T19:47:45.153+08:00","source":{"id":"0","name":"eventBus"}}
{"__type":"$$EventMessageNode","id":"0fc7f837-60c3-4a4f-a950-8b09c5d2a87a","ts":"2026-01-10T19:47:45.153+08:00","eventName":"n8n.node.started","message":"n8n.node.started","payload":{"workflowId":"v1ekfr-AV-rzKZ27v-B2T","workflowName":"My workflow","executionId":"3","nodeType":"n8n-nodes-base.manualTrigger","nodeName":"When clicking ‘Execute workflow’","nodeId":"95e5e00d-42aa-4ce7-87cb-fae3104c7eb3"}}
{"__type":"$$EventMessageConfirm","confirm":"0fc7f837-60c3-4a4f-a950-8b09c5d2a87a","ts":"2026-01-10T19:47:45.154+08:00","source":{"id":"0","name":"eventBus"}}
{"__type":"$$EventMessageNode","id":"60ba3715-7a2c-4374-aabf-b1edf969fbe3","ts":"2026-01-10T19:47:45.154+08:00","eventName":"n8n.node.finished","message":"n8n.node.finished","payload":{"workflowId":"v1ekfr-AV-rzKZ27v-B2T","workflowName":"My workflow","executionId":"3","nodeType":"n8n-nodes-base.manualTrigger","nodeName":"When clicking ‘Execute workflow’","nodeId":"95e5e00d-42aa-4ce7-87cb-fae3104c7eb3"}}
{"__type":"$$EventMessageConfirm","confirm":"60ba3715-7a2c-4374-aabf-b1edf969fbe3","ts":"2026-01-10T19:47:45.154+08:00","source":{"id":"0","name":"eventBus"}}
{"__type":"$$EventMessageNode","id":"648fbd94-a32b-448b-a631-a1559d90f86c","ts":"2026-01-10T19:47:45.155+08:00","eventName":"n8n.node.started","message":"n8n.node.started","payload":{"workflowId":"v1ekfr-AV-rzKZ27v-B2T","workflowName":"My workflow","executionId":"3","nodeType":"n8n-nodes-base.code","nodeName":"Code in JavaScript","nodeId":"9893ade9-53ed-4965-9409-942a8cd4a3a1"}}
{"__type":"$$EventMessageConfirm","confirm":"648fbd94-a32b-448b-a631-a1559d90f86c","ts":"2026-01-10T19:47:45.155+08:00","source":{"id":"0","name":"eventBus"}}
{"__type":"$$EventMessageRunner","id":"2c175e3a-2887-464f-a665-aa9334cd9f1c","ts":"2026-01-10T19:47:45.155+08:00","eventName":"n8n.runner.task.requested","message":"n8n.runner.task.requested","payload":{"taskId":"Ynj0C4EV","nodeId":"9893ade9-53ed-4965-9409-942a8cd4a3a1","workflowId":"v1ekfr-AV-rzKZ27v-B2T","executionId":"3"}}
{"__type":"$$EventMessageConfirm","confirm":"2c175e3a-2887-464f-a665-aa9334cd9f1c","ts":"2026-01-10T19:47:45.156+08:00","source":{"id":"0","name":"eventBus"}}
{"__type":"$$EventMessageRunner","id":"3429e0ce-8f53-4fdd-b1fb-e06fb3db5fc9","ts":"2026-01-10T19:47:45.159+08:00","eventName":"n8n.runner.response.received","message":"n8n.runner.response.received","payload":{"taskId":"Ynj0C4EV","nodeId":"9893ade9-53ed-4965-9409-942a8cd4a3a1","workflowId":"v1ekfr-AV-rzKZ27v-B2T","executionId":"3"}}
{"__type":"$$EventMessageConfirm","confirm":"3429e0ce-8f53-4fdd-b1fb-e06fb3db5fc9","ts":"2026-01-10T19:47:45.159+08:00","source":{"id":"0","name":"eventBus"}}
{"__type":"$$EventMessageNode","id":"3ddc22e8-e58f-4769-916a-400afc96c85a","ts":"2026-01-10T19:47:45.159+08:00","eventName":"n8n.node.finished","message":"n8n.node.finished","payload":{"workflowId":"v1ekfr-AV-rzKZ27v-B2T","workflowName":"My workflow","executionId":"3","nodeType":"n8n-nodes-base.code","nodeName":"Code in JavaScript","nodeId":"9893ade9-53ed-4965-9409-942a8cd4a3a1"}}
{"__type":"$$EventMessageConfirm","confirm":"3ddc22e8-e58f-4769-916a-400afc96c85a","ts":"2026-01-10T19:47:45.159+08:00","source":{"id":"0","name":"eventBus"}}
{"__type":"$$EventMessageWorkflow","id":"18d31e43-a2b4-4471-98a4-ca4202e9c9a0","ts":"2026-01-10T19:47:45.160+08:00","eventName":"n8n.workflow.success","message":"n8n.workflow.success","payload":{"userId":"3c4a9d06-ae77-4f32-93ac-d7a58672bc69","executionId":"3","success":true,"isManual":true,"workflowId":"v1ekfr-AV-rzKZ27v-B2T","workflowName":"My workflow"}}
{"__type":"$$EventMessageConfirm","confirm":"18d31e43-a2b4-4471-98a4-ca4202e9c9a0","ts":"2026-01-10T19:47:45.160+08:00","source":{"id":"0","name":"eventBus"}}
{"__type":"$$EventMessageAudit","id":"e3e3e03f-d9e8-4d2a-a4e0-8b61d3b7bc93","ts":"2026-01-10T19:48:43.335+08:00","eventName":"n8n.audit.workflow.archived","message":"n8n.audit.workflow.archived","payload":{"userId":"3c4a9d06-ae77-4f32-93ac-d7a58672bc69","_email":"staffer_xucao@126.com","_firstName":"xu","_lastName":"cao","globalRole":"global:owner","workflowId":"v1ekfr-AV-rzKZ27v-B2T"}}
{"__type":"$$EventMessageConfirm","confirm":"e3e3e03f-d9e8-4d2a-a4e0-8b61d3b7bc93","ts":"2026-01-10T19:48:43.335+08:00","source":{"id":"0","name":"eventBus"}}
{"__type":"$$EventMessageAudit","id":"c930ce99-0274-49a3-8039-a7ef7ab83453","ts":"2026-01-10T19:50:37.822+08:00","eventName":"n8n.audit.user.login.success","message":"n8n.audit.user.login.success","payload":{"userId":"3c4a9d06-ae77-4f32-93ac-d7a58672bc69","_email":"staffer_xucao@126.com","_firstName":"xu","_lastName":"cao","globalRole":"global:owner","authenticationMethod":"email"}}
{"__type":"$$EventMessageConfirm","confirm":"c930ce99-0274-49a3-8039-a7ef7ab83453","ts":"2026-01-10T19:50:37.822+08:00","source":{"id":"0","name":"eventBus"}}
{"__type":"$$EventMessageAudit","id":"a35bb377-cb40-44a1-a604-3f761e73f468","ts":"2026-01-10T19:50:58.864+08:00","eventName":"n8n.audit.workflow.created","message":"n8n.audit.workflow.created","payload":{"userId":"3c4a9d06-ae77-4f32-93ac-d7a58672bc69","_email":"staffer_xucao@126.com","_firstName":"xu","_lastName":"cao","globalRole":"global:owner","workflowId":"QrT47mrXLFcULYZX_KPmp","workflowName":"My workflow 2"}}
{"__type":"$$EventMessageConfirm","confirm":"a35bb377-cb40-44a1-a604-3f761e73f468","ts":"2026-01-10T19:50:58.864+08:00","source":{"id":"0","name":"eventBus"}}
{"__type":"$$EventMessageWorkflow","id":"c96959ff-4a1d-45b6-88ff-1c75b0a8464a","ts":"2026-01-10T19:50:58.917+08:00","eventName":"n8n.workflow.started","message":"n8n.workflow.started","payload":{"executionId":"4","workflowId":"QrT47mrXLFcULYZX_KPmp","isManual":false,"workflowName":"My workflow 2"}}
{"__type":"$$EventMessageConfirm","confirm":"c96959ff-4a1d-45b6-88ff-1c75b0a8464a","ts":"2026-01-10T19:50:58.917+08:00","source":{"id":"0","name":"eventBus"}}
{"__type":"$$EventMessageNode","id":"de160d44-e808-4620-bb06-4763d336e8f2","ts":"2026-01-10T19:50:58.918+08:00","eventName":"n8n.node.started","message":"n8n.node.started","payload":{"workflowId":"QrT47mrXLFcULYZX_KPmp","workflowName":"My workflow 2","executionId":"4","nodeType":"n8n-nodes-base.manualTrigger","nodeName":"When clicking ‘Execute workflow’","nodeId":"864c7ecb-95ab-4e3d-bc96-5f15484afa4a"}}
{"__type":"$$EventMessageConfirm","confirm":"de160d44-e808-4620-bb06-4763d336e8f2","ts":"2026-01-10T19:50:58.918+08:00","source":{"id":"0","name":"eventBus"}}
{"__type":"$$EventMessageNode","id":"e8305e2f-673a-4f96-af0b-7cc1cc404e34","ts":"2026-01-10T19:50:58.920+08:00","eventName":"n8n.node.finished","message":"n8n.node.finished","payload":{"workflowId":"QrT47mrXLFcULYZX_KPmp","workflowName":"My workflow 2","executionId":"4","nodeType":"n8n-nodes-base.manualTrigger","nodeName":"When clicking ‘Execute workflow’","nodeId":"864c7ecb-95ab-4e3d-bc96-5f15484afa4a"}}
{"__type":"$$EventMessageConfirm","confirm":"e8305e2f-673a-4f96-af0b-7cc1cc404e34","ts":"2026-01-10T19:50:58.920+08:00","source":{"id":"0","name":"eventBus"}}
{"__type":"$$EventMessageNode","id":"42e7242c-0169-4af5-89f8-15fb2b18cd51","ts":"2026-01-10T19:50:58.921+08:00","eventName":"n8n.node.started","message":"n8n.node.started","payload":{"workflowId":"QrT47mrXLFcULYZX_KPmp","workflowName":"My workflow 2","executionId":"4","nodeType":"n8n-nodes-base.code","nodeName":"Code in JavaScript","nodeId":"13308bf0-1760-4d80-a47a-7ca499dd9cc3"}}
{"__type":"$$EventMessageConfirm","confirm":"42e7242c-0169-4af5-89f8-15fb2b18cd51","ts":"2026-01-10T19:50:58.921+08:00","source":{"id":"0","name":"eventBus"}}
{"__type":"$$EventMessageRunner","id":"dcdb064c-28cb-43a9-927a-d03ca5bb56aa","ts":"2026-01-10T19:50:58.924+08:00","eventName":"n8n.runner.task.requested","message":"n8n.runner.task.requested","payload":{"taskId":"OMdk5Z-T","nodeId":"13308bf0-1760-4d80-a47a-7ca499dd9cc3","workflowId":"QrT47mrXLFcULYZX_KPmp","executionId":"4"}}
{"__type":"$$EventMessageConfirm","confirm":"dcdb064c-28cb-43a9-927a-d03ca5bb56aa","ts":"2026-01-10T19:50:58.924+08:00","source":{"id":"0","name":"eventBus"}}
{"__type":"$$EventMessageRunner","id":"779bef99-af9f-4acb-9721-0266b48fdca4","ts":"2026-01-10T19:50:58.928+08:00","eventName":"n8n.runner.response.received","message":"n8n.runner.response.received","payload":{"taskId":"OMdk5Z-T","nodeId":"13308bf0-1760-4d80-a47a-7ca499dd9cc3","workflowId":"QrT47mrXLFcULYZX_KPmp","executionId":"4"}}
{"__type":"$$EventMessageConfirm","confirm":"779bef99-af9f-4acb-9721-0266b48fdca4","ts":"2026-01-10T19:50:58.928+08:00","source":{"id":"0","name":"eventBus"}}
{"__type":"$$EventMessageNode","id":"78170514-9d13-447f-a79d-6306d2947ae9","ts":"2026-01-10T19:50:58.929+08:00","eventName":"n8n.node.finished","message":"n8n.node.finished","payload":{"workflowId":"QrT47mrXLFcULYZX_KPmp","workflowName":"My workflow 2","executionId":"4","nodeType":"n8n-nodes-base.code","nodeName":"Code in JavaScript","nodeId":"13308bf0-1760-4d80-a47a-7ca499dd9cc3"}}
{"__type":"$$EventMessageConfirm","confirm":"78170514-9d13-447f-a79d-6306d2947ae9","ts":"2026-01-10T19:50:58.929+08:00","source":{"id":"0","name":"eventBus"}}
{"__type":"$$EventMessageWorkflow","id":"d8f55972-b4f9-4746-84d1-b12b4314c974","ts":"2026-01-10T19:50:58.931+08:00","eventName":"n8n.workflow.success","message":"n8n.workflow.success","payload":{"userId":"3c4a9d06-ae77-4f32-93ac-d7a58672bc69","executionId":"4","success":true,"isManual":true,"workflowId":"QrT47mrXLFcULYZX_KPmp","workflowName":"My workflow 2"}}
{"__type":"$$EventMessageConfirm","confirm":"d8f55972-b4f9-4746-84d1-b12b4314c974","ts":"2026-01-10T19:50:58.931+08:00","source":{"id":"0","name":"eventBus"}}
{"__type":"$$EventMessageWorkflow","id":"f0ebbae1-5e5f-4d1a-aeee-a19a05ca63a0","ts":"2026-01-10T19:52:27.996+08:00","eventName":"n8n.workflow.started","message":"n8n.workflow.started","payload":{"executionId":"5","workflowId":"QrT47mrXLFcULYZX_KPmp","isManual":false,"workflowName":"My workflow 2"}}
{"__type":"$$EventMessageConfirm","confirm":"f0ebbae1-5e5f-4d1a-aeee-a19a05ca63a0","ts":"2026-01-10T19:52:27.996+08:00","source":{"id":"0","name":"eventBus"}}
{"__type":"$$EventMessageNode","id":"657f5d3b-53a6-41b0-8803-d244067a6fe5","ts":"2026-01-10T19:52:27.996+08:00","eventName":"n8n.node.started","message":"n8n.node.started","payload":{"workflowId":"QrT47mrXLFcULYZX_KPmp","workflowName":"My workflow 2","executionId":"5","nodeType":"n8n-nodes-base.manualTrigger","nodeName":"When clicking ‘Execute workflow’","nodeId":"864c7ecb-95ab-4e3d-bc96-5f15484afa4a"}}
{"__type":"$$EventMessageConfirm","confirm":"657f5d3b-53a6-41b0-8803-d244067a6fe5","ts":"2026-01-10T19:52:27.996+08:00","source":{"id":"0","name":"eventBus"}}
{"__type":"$$EventMessageNode","id":"0b209636-278a-41e0-bfa8-b3bddd9d1317","ts":"2026-01-10T19:52:27.997+08:00","eventName":"n8n.node.finished","message":"n8n.node.finished","payload":{"workflowId":"QrT47mrXLFcULYZX_KPmp","workflowName":"My workflow 2","executionId":"5","nodeType":"n8n-nodes-base.manualTrigger","nodeName":"When clicking ‘Execute workflow’","nodeId":"864c7ecb-95ab-4e3d-bc96-5f15484afa4a"}}
{"__type":"$$EventMessageConfirm","confirm":"0b209636-278a-41e0-bfa8-b3bddd9d1317","ts":"2026-01-10T19:52:27.997+08:00","source":{"id":"0","name":"eventBus"}}
{"__type":"$$EventMessageNode","id":"0cb72c01-cdfc-487c-a33e-a59cb4e1f31e","ts":"2026-01-10T19:52:27.997+08:00","eventName":"n8n.node.started","message":"n8n.node.started","payload":{"workflowId":"QrT47mrXLFcULYZX_KPmp","workflowName":"My workflow 2","executionId":"5","nodeType":"n8n-nodes-base.code","nodeName":"Code in JavaScript","nodeId":"13308bf0-1760-4d80-a47a-7ca499dd9cc3"}}
{"__type":"$$EventMessageConfirm","confirm":"0cb72c01-cdfc-487c-a33e-a59cb4e1f31e","ts":"2026-01-10T19:52:27.997+08:00","source":{"id":"0","name":"eventBus"}}
{"__type":"$$EventMessageRunner","id":"8bfe3bf1-2d5e-44d7-89ad-8ecce6b054e9","ts":"2026-01-10T19:52:27.999+08:00","eventName":"n8n.runner.task.requested","message":"n8n.runner.task.requested","payload":{"taskId":"tjddsLty","nodeId":"13308bf0-1760-4d80-a47a-7ca499dd9cc3","workflowId":"QrT47mrXLFcULYZX_KPmp","executionId":"5"}}
{"__type":"$$EventMessageConfirm","confirm":"8bfe3bf1-2d5e-44d7-89ad-8ecce6b054e9","ts":"2026-01-10T19:52:27.999+08:00","source":{"id":"0","name":"eventBus"}}
{"__type":"$$EventMessageRunner","id":"7ad8c9c3-c21f-481a-a2eb-ca8a8ec9f14d","ts":"2026-01-10T19:52:28.002+08:00","eventName":"n8n.runner.response.received","message":"n8n.runner.response.received","payload":{"taskId":"tjddsLty","nodeId":"13308bf0-1760-4d80-a47a-7ca499dd9cc3","workflowId":"QrT47mrXLFcULYZX_KPmp","executionId":"5"}}
{"__type":"$$EventMessageConfirm","confirm":"7ad8c9c3-c21f-481a-a2eb-ca8a8ec9f14d","ts":"2026-01-10T19:52:28.002+08:00","source":{"id":"0","name":"eventBus"}}
{"__type":"$$EventMessageNode","id":"3247f149-c674-4139-ba3b-e2e5f5550b18","ts":"2026-01-10T19:52:28.002+08:00","eventName":"n8n.node.finished","message":"n8n.node.finished","payload":{"workflowId":"QrT47mrXLFcULYZX_KPmp","workflowName":"My workflow 2","executionId":"5","nodeType":"n8n-nodes-base.code","nodeName":"Code in JavaScript","nodeId":"13308bf0-1760-4d80-a47a-7ca499dd9cc3"}}
{"__type":"$$EventMessageConfirm","confirm":"3247f149-c674-4139-ba3b-e2e5f5550b18","ts":"2026-01-10T19:52:28.002+08:00","source":{"id":"0","name":"eventBus"}}
{"__type":"$$EventMessageWorkflow","id":"9f321348-26fe-409d-8ac9-ffe6ca0a5844","ts":"2026-01-10T19:52:28.003+08:00","eventName":"n8n.workflow.success","message":"n8n.workflow.success","payload":{"userId":"3c4a9d06-ae77-4f32-93ac-d7a58672bc69","executionId":"5","success":true,"isManual":true,"workflowId":"QrT47mrXLFcULYZX_KPmp","workflowName":"My workflow 2"}}
{"__type":"$$EventMessageConfirm","confirm":"9f321348-26fe-409d-8ac9-ffe6ca0a5844","ts":"2026-01-10T19:52:28.003+08:00","source":{"id":"0","name":"eventBus"}}
{"__type":"$$EventMessageAudit","id":"0624077a-2072-4900-b87e-c61df663638b","ts":"2026-01-10T06:56:36.854-05:00","eventName":"n8n.audit.workflow.archived","message":"n8n.audit.workflow.archived","payload":{"userId":"3c4a9d06-ae77-4f32-93ac-d7a58672bc69","_email":"staffer_xucao@126.com","_firstName":"xu","_lastName":"cao","globalRole":"global:owner","workflowId":"QrT47mrXLFcULYZX_KPmp"}}
{"__type":"$$EventMessageConfirm","confirm":"0624077a-2072-4900-b87e-c61df663638b","ts":"2026-01-10T06:56:36.854-05:00","source":{"id":"0","name":"eventBus"}}
